2024-06-13 16:07:27.686  INFO 112128 --- [main] p.s.t.SpringBootApplicationStarter       : Starting SpringBootApplicationStarter using Java 17.0.9 on LAPTOP-342SHRIF with PID 112128 (D:\recruitment-system-backend\recruitment-authentication-service\target\classes started by Thanh Huy in D:\recruitment-system-backend\recruitment-authentication-service)
2024-06-13 16:07:27.689  INFO 112128 --- [main] p.s.t.SpringBootApplicationStarter       : The following 1 profile is active: "dev"
2024-06-13 16:07:28.255  INFO 112128 --- [main] .s.d.r.c.RepositoryConfigurationDelegate : Bootstrapping Spring Data JPA repositories in DEFAULT mode.
2024-06-13 16:07:28.298  INFO 112128 --- [main] .s.d.r.c.RepositoryConfigurationDelegate : Finished Spring Data repository scanning in 37 ms. Found 2 JPA repository interfaces.
2024-06-13 16:07:28.746  INFO 112128 --- [main] o.s.b.w.embedded.tomcat.TomcatWebServer  : Tomcat initialized with port(s): 8081 (http)
2024-06-13 16:07:28.752  INFO 112128 --- [main] o.apache.catalina.core.StandardService   : Starting service [Tomcat]
2024-06-13 16:07:28.753  INFO 112128 --- [main] org.apache.catalina.core.StandardEngine  : Starting Servlet engine: [Apache Tomcat/9.0.65]
2024-06-13 16:07:28.879  INFO 112128 --- [main] o.a.c.c.C.[Tomcat].[localhost].[/]       : Initializing Spring embedded WebApplicationContext
2024-06-13 16:07:28.880  INFO 112128 --- [main] w.s.c.ServletWebServerApplicationContext : Root WebApplicationContext: initialization completed in 1135 ms
2024-06-13 16:07:29.024  INFO 112128 --- [main] o.hibernate.jpa.internal.util.LogHelper  : HHH000204: Processing PersistenceUnitInfo [name: default]
2024-06-13 16:07:29.062  INFO 112128 --- [main] org.hibernate.Version                    : HHH000412: Hibernate ORM core version 5.6.10.Final
2024-06-13 16:07:29.170  INFO 112128 --- [main] o.hibernate.annotations.common.Version   : HCANN000001: Hibernate Commons Annotations {5.1.2.Final}
2024-06-13 16:07:29.256  INFO 112128 --- [main] com.zaxxer.hikari.HikariDataSource       : HikariPool-1 - Starting...
2024-06-13 16:07:29.530  INFO 112128 --- [main] com.zaxxer.hikari.HikariDataSource       : HikariPool-1 - Start completed.
2024-06-13 16:07:29.543  INFO 112128 --- [main] org.hibernate.dialect.Dialect            : HHH000400: Using dialect: org.hibernate.dialect.MySQL8Dialect
2024-06-13 16:07:29.576  INFO 112128 --- [main] o.h.e.boot.internal.EnversServiceImpl    : Envers integration enabled? : true
2024-06-13 16:07:30.256  INFO 112128 --- [main] o.h.e.t.j.p.i.JtaPlatformInitiator       : HHH000490: Using JtaPlatform implementation: [org.hibernate.engine.transaction.jta.platform.internal.NoJtaPlatform]
2024-06-13 16:07:30.263  INFO 112128 --- [main] j.LocalContainerEntityManagerFactoryBean : Initialized JPA EntityManagerFactory for persistence unit 'default'
2024-06-13 16:07:30.723  WARN 112128 --- [main] JpaBaseConfiguration$JpaWebConfiguration : spring.jpa.open-in-view is enabled by default. Therefore, database queries may be performed during view rendering. Explicitly configure spring.jpa.open-in-view to disable this warning
2024-06-13 16:07:31.668  INFO 112128 --- [main] o.s.s.web.DefaultSecurityFilterChain     : Will secure any request with [org.springframework.security.web.session.DisableEncodeUrlFilter@653fbbfc, org.springframework.security.web.context.request.async.WebAsyncManagerIntegrationFilter@7e6025c9, org.springframework.security.web.context.SecurityContextPersistenceFilter@78907a46, org.springframework.security.web.header.HeaderWriterFilter@1ae69abe, org.springframework.web.filter.CorsFilter@63bb52ea, org.springframework.security.web.authentication.logout.LogoutFilter@5ed1bc4f, project.springboot.template.config.security.jwt.JwtFilter@1c24639e, org.springframework.security.web.savedrequest.RequestCacheAwareFilter@5a503cf0, org.springframework.security.web.servletapi.SecurityContextHolderAwareRequestFilter@6ba19932, org.springframework.security.web.authentication.AnonymousAuthenticationFilter@6f5df147, org.springframework.security.web.session.SessionManagementFilter@727b3b0, org.springframework.security.web.access.ExceptionTranslationFilter@6ccd3cf1, org.springframework.security.web.access.intercept.FilterSecurityInterceptor@794b139b]
2024-06-13 16:07:31.723  INFO 112128 --- [main] o.s.b.w.embedded.tomcat.TomcatWebServer  : Tomcat started on port(s): 8081 (http) with context path ''
2024-06-13 16:07:31.733  INFO 112128 --- [main] p.s.t.SpringBootApplicationStarter       : Started SpringBootApplicationStarter in 4.409 seconds (JVM running for 5.068)
2024-06-13 16:07:52.488  INFO 112128 --- [http-nio-8081-exec-1] o.a.c.c.C.[Tomcat].[localhost].[/]       : Initializing Spring DispatcherServlet 'dispatcherServlet'
2024-06-13 16:07:52.488  INFO 112128 --- [http-nio-8081-exec-1] o.s.web.servlet.DispatcherServlet        : Initializing Servlet 'dispatcherServlet'
2024-06-13 16:07:52.490  INFO 112128 --- [http-nio-8081-exec-1] o.s.web.servlet.DispatcherServlet        : Completed initialization in 2 ms
2024-06-13 16:07:53.596  INFO 112128 --- [http-nio-8081-exec-9] o.springdoc.api.AbstractOpenApiResource  : Init duration for springdoc-openapi is: 323 ms
2024-06-13 16:10:01.472  INFO 129356 --- [main] p.s.t.SpringBootApplicationStarter       : Starting SpringBootApplicationStarter using Java 17.0.9 on LAPTOP-342SHRIF with PID 129356 (D:\recruitment-system-backend\recruitment-job-service\target\classes started by Thanh Huy in D:\recruitment-system-backend\recruitment-job-service)
2024-06-13 16:10:01.475  INFO 129356 --- [main] p.s.t.SpringBootApplicationStarter       : The following 1 profile is active: "dev"
2024-06-13 16:10:02.452  INFO 129356 --- [main] .s.d.r.c.RepositoryConfigurationDelegate : Bootstrapping Spring Data JPA repositories in DEFAULT mode.
2024-06-13 16:10:02.504  INFO 129356 --- [main] .s.d.r.c.RepositoryConfigurationDelegate : Finished Spring Data repository scanning in 45 ms. Found 1 JPA repository interfaces.
2024-06-13 16:10:03.011  INFO 129356 --- [main] o.s.b.w.embedded.tomcat.TomcatWebServer  : Tomcat initialized with port(s): 8082 (http)
2024-06-13 16:10:03.019  INFO 129356 --- [main] o.apache.catalina.core.StandardService   : Starting service [Tomcat]
2024-06-13 16:10:03.019  INFO 129356 --- [main] org.apache.catalina.core.StandardEngine  : Starting Servlet engine: [Apache Tomcat/9.0.65]
2024-06-13 16:10:03.165  INFO 129356 --- [main] o.a.c.c.C.[Tomcat].[localhost].[/]       : Initializing Spring embedded WebApplicationContext
2024-06-13 16:10:03.165  INFO 129356 --- [main] w.s.c.ServletWebServerApplicationContext : Root WebApplicationContext: initialization completed in 1628 ms
2024-06-13 16:10:03.577  INFO 129356 --- [main] o.hibernate.jpa.internal.util.LogHelper  : HHH000204: Processing PersistenceUnitInfo [name: default]
2024-06-13 16:10:03.623  INFO 129356 --- [main] org.hibernate.Version                    : HHH000412: Hibernate ORM core version 5.6.10.Final
2024-06-13 16:10:03.761  INFO 129356 --- [main] o.hibernate.annotations.common.Version   : HCANN000001: Hibernate Commons Annotations {5.1.2.Final}
2024-06-13 16:10:03.854  INFO 129356 --- [main] com.zaxxer.hikari.HikariDataSource       : HikariPool-1 - Starting...
2024-06-13 16:10:04.090  INFO 129356 --- [main] com.zaxxer.hikari.HikariDataSource       : HikariPool-1 - Start completed.
2024-06-13 16:10:04.104  INFO 129356 --- [main] org.hibernate.dialect.Dialect            : HHH000400: Using dialect: org.hibernate.dialect.MySQL8Dialect
2024-06-13 16:10:04.133  INFO 129356 --- [main] o.h.e.boot.internal.EnversServiceImpl    : Envers integration enabled? : true
2024-06-13 16:10:04.406  INFO 103008 --- [main] p.s.t.SpringBootApplicationStarter       : Starting SpringBootApplicationStarter using Java 17.0.9 on LAPTOP-342SHRIF with PID 103008 (D:\recruitment-system-backend\recruitment-job-service\target\classes started by Thanh Huy in D:\recruitment-system-backend\recruitment-job-service)
2024-06-13 16:10:04.408  INFO 103008 --- [main] p.s.t.SpringBootApplicationStarter       : The following 1 profile is active: "dev"
2024-06-13 16:10:04.711  INFO 129356 --- [main] o.h.e.t.j.p.i.JtaPlatformInitiator       : HHH000490: Using JtaPlatform implementation: [org.hibernate.engine.transaction.jta.platform.internal.NoJtaPlatform]
2024-06-13 16:10:04.718  INFO 129356 --- [main] j.LocalContainerEntityManagerFactoryBean : Initialized JPA EntityManagerFactory for persistence unit 'default'
2024-06-13 16:10:04.836  WARN 129356 --- [main] JpaBaseConfiguration$JpaWebConfiguration : spring.jpa.open-in-view is enabled by default. Therefore, database queries may be performed during view rendering. Explicitly configure spring.jpa.open-in-view to disable this warning
2024-06-13 16:10:04.982  INFO 103008 --- [main] .s.d.r.c.RepositoryConfigurationDelegate : Bootstrapping Spring Data JPA repositories in DEFAULT mode.
2024-06-13 16:10:05.030  INFO 103008 --- [main] .s.d.r.c.RepositoryConfigurationDelegate : Finished Spring Data repository scanning in 41 ms. Found 1 JPA repository interfaces.
2024-06-13 16:10:05.609  INFO 103008 --- [main] o.s.b.w.embedded.tomcat.TomcatWebServer  : Tomcat initialized with port(s): 8082 (http)
2024-06-13 16:10:05.625  INFO 103008 --- [main] o.apache.catalina.core.StandardService   : Starting service [Tomcat]
2024-06-13 16:10:05.626  INFO 103008 --- [main] org.apache.catalina.core.StandardEngine  : Starting Servlet engine: [Apache Tomcat/9.0.65]
2024-06-13 16:10:05.776  INFO 103008 --- [main] o.a.c.c.C.[Tomcat].[localhost].[/]       : Initializing Spring embedded WebApplicationContext
2024-06-13 16:10:05.776  INFO 103008 --- [main] w.s.c.ServletWebServerApplicationContext : Root WebApplicationContext: initialization completed in 1325 ms
2024-06-13 16:10:05.941  INFO 129356 --- [main] o.s.s.web.DefaultSecurityFilterChain     : Will secure any request with [org.springframework.security.web.session.DisableEncodeUrlFilter@7a4c1a6c, org.springframework.security.web.context.request.async.WebAsyncManagerIntegrationFilter@123a21ad, org.springframework.security.web.context.SecurityContextPersistenceFilter@96271d8, org.springframework.security.web.header.HeaderWriterFilter@622c658d, org.springframework.web.filter.CorsFilter@51179fad, org.springframework.security.web.authentication.logout.LogoutFilter@69c53b72, project.springboot.template.config.security.jwt.JwtFilter@1be52861, org.springframework.security.web.savedrequest.RequestCacheAwareFilter@7b8d1537, org.springframework.security.web.servletapi.SecurityContextHolderAwareRequestFilter@64404db6, org.springframework.security.web.authentication.AnonymousAuthenticationFilter@2afa1b1a, org.springframework.security.web.session.SessionManagementFilter@7fec6c2f, org.springframework.security.web.access.ExceptionTranslationFilter@57f9f387, org.springframework.security.web.access.intercept.FilterSecurityInterceptor@46f3d0f7]
2024-06-13 16:10:06.001  INFO 129356 --- [main] o.s.b.w.embedded.tomcat.TomcatWebServer  : Tomcat started on port(s): 8082 (http) with context path ''
2024-06-13 16:10:06.014  INFO 129356 --- [main] p.s.t.SpringBootApplicationStarter       : Started SpringBootApplicationStarter in 5.053 seconds (JVM running for 6.074)
2024-06-13 16:10:06.096  INFO 103008 --- [main] o.hibernate.jpa.internal.util.LogHelper  : HHH000204: Processing PersistenceUnitInfo [name: default]
2024-06-13 16:10:06.133  INFO 103008 --- [main] org.hibernate.Version                    : HHH000412: Hibernate ORM core version 5.6.10.Final
2024-06-13 16:10:06.250  INFO 103008 --- [main] o.hibernate.annotations.common.Version   : HCANN000001: Hibernate Commons Annotations {5.1.2.Final}
2024-06-13 16:10:06.343  INFO 103008 --- [main] com.zaxxer.hikari.HikariDataSource       : HikariPool-1 - Starting...
2024-06-13 16:10:06.566  INFO 103008 --- [main] com.zaxxer.hikari.HikariDataSource       : HikariPool-1 - Start completed.
2024-06-13 16:10:06.578  INFO 103008 --- [main] org.hibernate.dialect.Dialect            : HHH000400: Using dialect: org.hibernate.dialect.MySQL8Dialect
2024-06-13 16:10:06.605  INFO 103008 --- [main] o.h.e.boot.internal.EnversServiceImpl    : Envers integration enabled? : true
2024-06-13 16:10:07.099  INFO 103008 --- [main] o.h.e.t.j.p.i.JtaPlatformInitiator       : HHH000490: Using JtaPlatform implementation: [org.hibernate.engine.transaction.jta.platform.internal.NoJtaPlatform]
2024-06-13 16:10:07.106  INFO 103008 --- [main] j.LocalContainerEntityManagerFactoryBean : Initialized JPA EntityManagerFactory for persistence unit 'default'
2024-06-13 16:10:07.217  WARN 103008 --- [main] JpaBaseConfiguration$JpaWebConfiguration : spring.jpa.open-in-view is enabled by default. Therefore, database queries may be performed during view rendering. Explicitly configure spring.jpa.open-in-view to disable this warning
2024-06-13 16:10:08.247  INFO 103008 --- [main] o.s.s.web.DefaultSecurityFilterChain     : Will secure any request with [org.springframework.security.web.session.DisableEncodeUrlFilter@6441da2c, org.springframework.security.web.context.request.async.WebAsyncManagerIntegrationFilter@61b11d35, org.springframework.security.web.context.SecurityContextPersistenceFilter@21e32876, org.springframework.security.web.header.HeaderWriterFilter@18ada4e1, org.springframework.web.filter.CorsFilter@7c7d83ff, org.springframework.security.web.authentication.logout.LogoutFilter@452ea8f0, project.springboot.template.config.security.jwt.JwtFilter@682e445e, org.springframework.security.web.savedrequest.RequestCacheAwareFilter@11c372e9, org.springframework.security.web.servletapi.SecurityContextHolderAwareRequestFilter@54e39504, org.springframework.security.web.authentication.AnonymousAuthenticationFilter@4b0df349, org.springframework.security.web.session.SessionManagementFilter@66c9aca2, org.springframework.security.web.access.ExceptionTranslationFilter@441c2d2a, org.springframework.security.web.access.intercept.FilterSecurityInterceptor@5350a926]
2024-06-13 16:10:08.282  WARN 103008 --- [main] ConfigServletWebServerApplicationContext : Exception encountered during context initialization - cancelling refresh attempt: org.springframework.context.ApplicationContextException: Failed to start bean 'webServerStartStop'; nested exception is org.springframework.boot.web.server.PortInUseException: Port 8082 is already in use
2024-06-13 16:10:08.284  INFO 103008 --- [main] j.LocalContainerEntityManagerFactoryBean : Closing JPA EntityManagerFactory for persistence unit 'default'
2024-06-13 16:10:08.285  INFO 103008 --- [main] com.zaxxer.hikari.HikariDataSource       : HikariPool-1 - Shutdown initiated...
2024-06-13 16:10:08.290  INFO 103008 --- [main] com.zaxxer.hikari.HikariDataSource       : HikariPool-1 - Shutdown completed.
2024-06-13 16:10:08.292  INFO 103008 --- [main] o.apache.catalina.core.StandardService   : Stopping service [Tomcat]
2024-06-13 16:10:08.300  INFO 103008 --- [main] ConditionEvaluationReportLoggingListener : 

Error starting ApplicationContext. To display the conditions report re-run your application with 'debug' enabled.
2024-06-13 16:10:08.313 ERROR 103008 --- [main] o.s.b.d.LoggingFailureAnalysisReporter   : 

***************************
APPLICATION FAILED TO START
***************************

Description:

Web server failed to start. Port 8082 was already in use.

Action:

Identify and stop the process that's listening on port 8082 or configure this application to listen on another port.

2024-06-13 16:10:14.501  INFO 129356 --- [SpringApplicationShutdownHook] j.LocalContainerEntityManagerFactoryBean : Closing JPA EntityManagerFactory for persistence unit 'default'
2024-06-13 16:10:14.504  INFO 129356 --- [SpringApplicationShutdownHook] com.zaxxer.hikari.HikariDataSource       : HikariPool-1 - Shutdown initiated...
2024-06-13 16:10:14.515  INFO 129356 --- [SpringApplicationShutdownHook] com.zaxxer.hikari.HikariDataSource       : HikariPool-1 - Shutdown completed.
2024-06-13 16:10:19.113  INFO 123580 --- [main] p.s.t.SpringBootApplicationStarter       : Starting SpringBootApplicationStarter using Java 17.0.9 on LAPTOP-342SHRIF with PID 123580 (D:\recruitment-system-backend\recruitment-job-service\target\classes started by Thanh Huy in D:\recruitment-system-backend\recruitment-job-service)
2024-06-13 16:10:19.116  INFO 123580 --- [main] p.s.t.SpringBootApplicationStarter       : The following 1 profile is active: "dev"
2024-06-13 16:10:19.841  INFO 123580 --- [main] .s.d.r.c.RepositoryConfigurationDelegate : Bootstrapping Spring Data JPA repositories in DEFAULT mode.
2024-06-13 16:10:19.895  INFO 123580 --- [main] .s.d.r.c.RepositoryConfigurationDelegate : Finished Spring Data repository scanning in 47 ms. Found 1 JPA repository interfaces.
2024-06-13 16:10:20.437  INFO 123580 --- [main] o.s.b.w.embedded.tomcat.TomcatWebServer  : Tomcat initialized with port(s): 8082 (http)
2024-06-13 16:10:20.444  INFO 123580 --- [main] o.apache.catalina.core.StandardService   : Starting service [Tomcat]
2024-06-13 16:10:20.444  INFO 123580 --- [main] org.apache.catalina.core.StandardEngine  : Starting Servlet engine: [Apache Tomcat/9.0.65]
2024-06-13 16:10:20.587  INFO 123580 --- [main] o.a.c.c.C.[Tomcat].[localhost].[/]       : Initializing Spring embedded WebApplicationContext
2024-06-13 16:10:20.587  INFO 123580 --- [main] w.s.c.ServletWebServerApplicationContext : Root WebApplicationContext: initialization completed in 1412 ms
2024-06-13 16:10:20.949  INFO 123580 --- [main] o.hibernate.jpa.internal.util.LogHelper  : HHH000204: Processing PersistenceUnitInfo [name: default]
2024-06-13 16:10:20.989  INFO 123580 --- [main] org.hibernate.Version                    : HHH000412: Hibernate ORM core version 5.6.10.Final
2024-06-13 16:10:21.102  INFO 123580 --- [main] o.hibernate.annotations.common.Version   : HCANN000001: Hibernate Commons Annotations {5.1.2.Final}
2024-06-13 16:10:21.184  INFO 123580 --- [main] com.zaxxer.hikari.HikariDataSource       : HikariPool-1 - Starting...
2024-06-13 16:10:21.386  INFO 123580 --- [main] com.zaxxer.hikari.HikariDataSource       : HikariPool-1 - Start completed.
2024-06-13 16:10:21.399  INFO 123580 --- [main] org.hibernate.dialect.Dialect            : HHH000400: Using dialect: org.hibernate.dialect.MySQL8Dialect
2024-06-13 16:10:21.428  INFO 123580 --- [main] o.h.e.boot.internal.EnversServiceImpl    : Envers integration enabled? : true
2024-06-13 16:10:21.945  INFO 123580 --- [main] o.h.e.t.j.p.i.JtaPlatformInitiator       : HHH000490: Using JtaPlatform implementation: [org.hibernate.engine.transaction.jta.platform.internal.NoJtaPlatform]
2024-06-13 16:10:21.951  INFO 123580 --- [main] j.LocalContainerEntityManagerFactoryBean : Initialized JPA EntityManagerFactory for persistence unit 'default'
2024-06-13 16:10:22.058  WARN 123580 --- [main] JpaBaseConfiguration$JpaWebConfiguration : spring.jpa.open-in-view is enabled by default. Therefore, database queries may be performed during view rendering. Explicitly configure spring.jpa.open-in-view to disable this warning
2024-06-13 16:10:23.108  INFO 123580 --- [main] o.s.s.web.DefaultSecurityFilterChain     : Will secure any request with [org.springframework.security.web.session.DisableEncodeUrlFilter@6108c962, org.springframework.security.web.context.request.async.WebAsyncManagerIntegrationFilter@41c05747, org.springframework.security.web.context.SecurityContextPersistenceFilter@2e640411, org.springframework.security.web.header.HeaderWriterFilter@f14d079, org.springframework.web.filter.CorsFilter@64455184, org.springframework.security.web.authentication.logout.LogoutFilter@6179551b, project.springboot.template.config.security.jwt.JwtFilter@51b87df7, org.springframework.security.web.savedrequest.RequestCacheAwareFilter@5fe19d0e, org.springframework.security.web.servletapi.SecurityContextHolderAwareRequestFilter@3ed4c822, org.springframework.security.web.authentication.AnonymousAuthenticationFilter@6f749a1f, org.springframework.security.web.session.SessionManagementFilter@6b4376e1, org.springframework.security.web.access.ExceptionTranslationFilter@46374b8, org.springframework.security.web.access.intercept.FilterSecurityInterceptor@28d74041]
2024-06-13 16:10:23.156  INFO 123580 --- [main] o.s.b.w.embedded.tomcat.TomcatWebServer  : Tomcat started on port(s): 8082 (http) with context path ''
2024-06-13 16:10:23.165  INFO 123580 --- [main] p.s.t.SpringBootApplicationStarter       : Started SpringBootApplicationStarter in 4.499 seconds (JVM running for 5.353)
2024-06-13 16:10:36.248  INFO 123580 --- [http-nio-8082-exec-1] o.a.c.c.C.[Tomcat].[localhost].[/]       : Initializing Spring DispatcherServlet 'dispatcherServlet'
2024-06-13 16:10:36.250  INFO 123580 --- [http-nio-8082-exec-1] o.s.web.servlet.DispatcherServlet        : Initializing Servlet 'dispatcherServlet'
2024-06-13 16:10:36.251  INFO 123580 --- [http-nio-8082-exec-1] o.s.web.servlet.DispatcherServlet        : Completed initialization in 1 ms
2024-06-13 16:10:37.539  INFO 123580 --- [http-nio-8082-exec-8] o.springdoc.api.AbstractOpenApiResource  : Init duration for springdoc-openapi is: 348 ms
2024-06-13 16:16:52.380  INFO 123580 --- [SpringApplicationShutdownHook] j.LocalContainerEntityManagerFactoryBean : Closing JPA EntityManagerFactory for persistence unit 'default'
2024-06-13 16:16:52.382  INFO 123580 --- [SpringApplicationShutdownHook] com.zaxxer.hikari.HikariDataSource       : HikariPool-1 - Shutdown initiated...
2024-06-13 16:16:52.391  INFO 123580 --- [SpringApplicationShutdownHook] com.zaxxer.hikari.HikariDataSource       : HikariPool-1 - Shutdown completed.
2024-06-13 16:16:57.881  INFO 89612 --- [main] p.s.t.SpringBootApplicationStarter       : Starting SpringBootApplicationStarter using Java 17.0.9 on LAPTOP-342SHRIF with PID 89612 (D:\recruitment-system-backend\recruitment-job-service\target\classes started by Thanh Huy in D:\recruitment-system-backend\recruitment-job-service)
2024-06-13 16:16:57.884  INFO 89612 --- [main] p.s.t.SpringBootApplicationStarter       : The following 1 profile is active: "dev"
2024-06-13 16:16:58.654  INFO 89612 --- [main] .s.d.r.c.RepositoryConfigurationDelegate : Bootstrapping Spring Data JPA repositories in DEFAULT mode.
2024-06-13 16:16:58.706  INFO 89612 --- [main] .s.d.r.c.RepositoryConfigurationDelegate : Finished Spring Data repository scanning in 44 ms. Found 1 JPA repository interfaces.
2024-06-13 16:16:59.242  INFO 89612 --- [main] o.s.b.w.embedded.tomcat.TomcatWebServer  : Tomcat initialized with port(s): 8082 (http)
2024-06-13 16:16:59.250  INFO 89612 --- [main] o.apache.catalina.core.StandardService   : Starting service [Tomcat]
2024-06-13 16:16:59.250  INFO 89612 --- [main] org.apache.catalina.core.StandardEngine  : Starting Servlet engine: [Apache Tomcat/9.0.65]
2024-06-13 16:16:59.402  INFO 89612 --- [main] o.a.c.c.C.[Tomcat].[localhost].[/]       : Initializing Spring embedded WebApplicationContext
2024-06-13 16:16:59.402  INFO 89612 --- [main] w.s.c.ServletWebServerApplicationContext : Root WebApplicationContext: initialization completed in 1456 ms
2024-06-13 16:16:59.764  INFO 89612 --- [main] o.hibernate.jpa.internal.util.LogHelper  : HHH000204: Processing PersistenceUnitInfo [name: default]
2024-06-13 16:16:59.807  INFO 89612 --- [main] org.hibernate.Version                    : HHH000412: Hibernate ORM core version 5.6.10.Final
2024-06-13 16:16:59.937  INFO 89612 --- [main] o.hibernate.annotations.common.Version   : HCANN000001: Hibernate Commons Annotations {5.1.2.Final}
2024-06-13 16:17:00.034  INFO 89612 --- [main] com.zaxxer.hikari.HikariDataSource       : HikariPool-1 - Starting...
2024-06-13 16:17:00.255  INFO 89612 --- [main] com.zaxxer.hikari.HikariDataSource       : HikariPool-1 - Start completed.
2024-06-13 16:17:00.268  INFO 89612 --- [main] org.hibernate.dialect.Dialect            : HHH000400: Using dialect: org.hibernate.dialect.MySQL8Dialect
2024-06-13 16:17:00.296  INFO 89612 --- [main] o.h.e.boot.internal.EnversServiceImpl    : Envers integration enabled? : true
2024-06-13 16:17:00.897  INFO 89612 --- [main] o.h.e.t.j.p.i.JtaPlatformInitiator       : HHH000490: Using JtaPlatform implementation: [org.hibernate.engine.transaction.jta.platform.internal.NoJtaPlatform]
2024-06-13 16:17:00.905  INFO 89612 --- [main] j.LocalContainerEntityManagerFactoryBean : Initialized JPA EntityManagerFactory for persistence unit 'default'
2024-06-13 16:17:01.018  WARN 89612 --- [main] JpaBaseConfiguration$JpaWebConfiguration : spring.jpa.open-in-view is enabled by default. Therefore, database queries may be performed during view rendering. Explicitly configure spring.jpa.open-in-view to disable this warning
2024-06-13 16:17:02.131  INFO 89612 --- [main] o.s.s.web.DefaultSecurityFilterChain     : Will secure any request with [org.springframework.security.web.session.DisableEncodeUrlFilter@64ef9b9a, org.springframework.security.web.context.request.async.WebAsyncManagerIntegrationFilter@264340f0, org.springframework.security.web.context.SecurityContextPersistenceFilter@49a0fe14, org.springframework.security.web.header.HeaderWriterFilter@75c0e6be, org.springframework.web.filter.CorsFilter@7640a191, org.springframework.security.web.authentication.logout.LogoutFilter@4b0df349, project.springboot.template.config.security.jwt.JwtFilter@333398f, org.springframework.security.web.savedrequest.RequestCacheAwareFilter@4ed7db72, org.springframework.security.web.servletapi.SecurityContextHolderAwareRequestFilter@30ae3c46, org.springframework.security.web.authentication.AnonymousAuthenticationFilter@504a9352, org.springframework.security.web.session.SessionManagementFilter@60f70c9e, org.springframework.security.web.access.ExceptionTranslationFilter@20bc3e7f, org.springframework.security.web.access.intercept.FilterSecurityInterceptor@6919a8a]
2024-06-13 16:17:02.185  INFO 89612 --- [main] o.s.b.w.embedded.tomcat.TomcatWebServer  : Tomcat started on port(s): 8082 (http) with context path ''
2024-06-13 16:17:02.197  INFO 89612 --- [main] p.s.t.SpringBootApplicationStarter       : Started SpringBootApplicationStarter in 4.785 seconds (JVM running for 6.006)
2024-06-13 16:17:04.793  INFO 89612 --- [http-nio-8082-exec-1] o.a.c.c.C.[Tomcat].[localhost].[/]       : Initializing Spring DispatcherServlet 'dispatcherServlet'
2024-06-13 16:17:04.793  INFO 89612 --- [http-nio-8082-exec-1] o.s.web.servlet.DispatcherServlet        : Initializing Servlet 'dispatcherServlet'
2024-06-13 16:17:04.794  INFO 89612 --- [http-nio-8082-exec-1] o.s.web.servlet.DispatcherServlet        : Completed initialization in 1 ms
2024-06-13 16:34:54.019  INFO 112128 --- [http-nio-8081-exec-5] o.springdoc.api.AbstractOpenApiResource  : Init duration for springdoc-openapi is: 80 ms
2024-06-13 16:34:59.185  INFO 89612 --- [http-nio-8082-exec-7] o.springdoc.api.AbstractOpenApiResource  : Init duration for springdoc-openapi is: 253 ms
2024-06-13 16:50:07.743  INFO 89612 --- [SpringApplicationShutdownHook] j.LocalContainerEntityManagerFactoryBean : Closing JPA EntityManagerFactory for persistence unit 'default'
2024-06-13 16:50:07.745  INFO 89612 --- [SpringApplicationShutdownHook] com.zaxxer.hikari.HikariDataSource       : HikariPool-1 - Shutdown initiated...
2024-06-13 16:50:07.752  INFO 89612 --- [SpringApplicationShutdownHook] com.zaxxer.hikari.HikariDataSource       : HikariPool-1 - Shutdown completed.
2024-06-13 16:51:05.675  INFO 112128 --- [SpringApplicationShutdownHook] j.LocalContainerEntityManagerFactoryBean : Closing JPA EntityManagerFactory for persistence unit 'default'
2024-06-13 16:51:05.678  INFO 112128 --- [SpringApplicationShutdownHook] com.zaxxer.hikari.HikariDataSource       : HikariPool-1 - Shutdown initiated...
2024-06-13 16:51:05.686  INFO 112128 --- [SpringApplicationShutdownHook] com.zaxxer.hikari.HikariDataSource       : HikariPool-1 - Shutdown completed.
