2024-06-22 14:16:17.131  INFO 24408 --- [main] p.s.t.SpringBootApplicationStarter       : Starting SpringBootApplicationStarter using Java 17.0.9 on LAPTOP-342SHRIF with PID 24408 (D:\recruitment-system-backend\recruitment-job-service\target\classes started by Thanh Huy in D:\recruitment-system-backend)
2024-06-22 14:16:17.135  INFO 24408 --- [main] p.s.t.SpringBootApplicationStarter       : The following 1 profile is active: "dev"
2024-06-22 14:16:18.520  INFO 24408 --- [main] .s.d.r.c.RepositoryConfigurationDelegate : Bootstrapping Spring Data JPA repositories in DEFAULT mode.
2024-06-22 14:16:18.573  INFO 24408 --- [main] .s.d.r.c.RepositoryConfigurationDelegate : Finished Spring Data repository scanning in 45 ms. Found 1 JPA repository interfaces.
2024-06-22 14:16:19.062  INFO 72400 --- [main] p.s.t.AuthenticationServiceStarter       : Starting AuthenticationServiceStarter using Java 17.0.9 on LAPTOP-342SHRIF with PID 72400 (D:\recruitment-system-backend\recruitment-authentication-service\target\classes started by Thanh Huy in D:\recruitment-system-backend)
2024-06-22 14:16:19.065  INFO 72400 --- [main] p.s.t.AuthenticationServiceStarter       : The following 1 profile is active: "dev"
2024-06-22 14:16:19.274  INFO 24408 --- [main] o.s.b.w.embedded.tomcat.TomcatWebServer  : Tomcat initialized with port(s): 8082 (http)
2024-06-22 14:16:19.292  INFO 24408 --- [main] o.apache.catalina.core.StandardService   : Starting service [Tomcat]
2024-06-22 14:16:19.293  INFO 24408 --- [main] org.apache.catalina.core.StandardEngine  : Starting Servlet engine: [Apache Tomcat/9.0.65]
2024-06-22 14:16:19.478  INFO 24408 --- [main] o.a.c.c.C.[Tomcat].[localhost].[/]       : Initializing Spring embedded WebApplicationContext
2024-06-22 14:16:19.479  INFO 24408 --- [main] w.s.c.ServletWebServerApplicationContext : Root WebApplicationContext: initialization completed in 2276 ms
2024-06-22 14:16:19.957  INFO 24408 --- [main] o.hibernate.jpa.internal.util.LogHelper  : HHH000204: Processing PersistenceUnitInfo [name: default]
2024-06-22 14:16:20.025  INFO 24408 --- [main] org.hibernate.Version                    : HHH000412: Hibernate ORM core version 5.6.10.Final
2024-06-22 14:16:20.107  INFO 72400 --- [main] .s.d.r.c.RepositoryConfigurationDelegate : Bootstrapping Spring Data JPA repositories in DEFAULT mode.
2024-06-22 14:16:20.154  INFO 72400 --- [main] .s.d.r.c.RepositoryConfigurationDelegate : Finished Spring Data repository scanning in 40 ms. Found 2 JPA repository interfaces.
2024-06-22 14:16:20.201  INFO 24408 --- [main] o.hibernate.annotations.common.Version   : HCANN000001: Hibernate Commons Annotations {5.1.2.Final}
2024-06-22 14:16:20.302  INFO 24408 --- [main] com.zaxxer.hikari.HikariDataSource       : HikariPool-1 - Starting...
2024-06-22 14:16:20.581  INFO 24408 --- [main] com.zaxxer.hikari.HikariDataSource       : HikariPool-1 - Start completed.
2024-06-22 14:16:20.598  INFO 24408 --- [main] org.hibernate.dialect.Dialect            : HHH000400: Using dialect: org.hibernate.dialect.MySQL8Dialect
2024-06-22 14:16:20.632  INFO 72400 --- [main] o.s.b.w.embedded.tomcat.TomcatWebServer  : Tomcat initialized with port(s): 8081 (http)
2024-06-22 14:16:20.635  INFO 24408 --- [main] o.h.e.boot.internal.EnversServiceImpl    : Envers integration enabled? : true
2024-06-22 14:16:20.642  INFO 72400 --- [main] o.apache.catalina.core.StandardService   : Starting service [Tomcat]
2024-06-22 14:16:20.642  INFO 72400 --- [main] org.apache.catalina.core.StandardEngine  : Starting Servlet engine: [Apache Tomcat/9.0.65]
2024-06-22 14:16:20.783  INFO 72400 --- [main] o.a.c.c.C.[Tomcat].[localhost].[/]       : Initializing Spring embedded WebApplicationContext
2024-06-22 14:16:20.784  INFO 72400 --- [main] w.s.c.ServletWebServerApplicationContext : Root WebApplicationContext: initialization completed in 1652 ms
2024-06-22 14:16:20.948  INFO 72400 --- [main] o.hibernate.jpa.internal.util.LogHelper  : HHH000204: Processing PersistenceUnitInfo [name: default]
2024-06-22 14:16:21.005  INFO 72400 --- [main] org.hibernate.Version                    : HHH000412: Hibernate ORM core version 5.6.10.Final
2024-06-22 14:16:21.157  INFO 72400 --- [main] o.hibernate.annotations.common.Version   : HCANN000001: Hibernate Commons Annotations {5.1.2.Final}
2024-06-22 14:16:21.258  INFO 72400 --- [main] com.zaxxer.hikari.HikariDataSource       : HikariPool-1 - Starting...
2024-06-22 14:16:21.391  INFO 24408 --- [main] o.h.e.t.j.p.i.JtaPlatformInitiator       : HHH000490: Using JtaPlatform implementation: [org.hibernate.engine.transaction.jta.platform.internal.NoJtaPlatform]
2024-06-22 14:16:21.398  INFO 24408 --- [main] j.LocalContainerEntityManagerFactoryBean : Initialized JPA EntityManagerFactory for persistence unit 'default'
2024-06-22 14:16:21.549  WARN 24408 --- [main] JpaBaseConfiguration$JpaWebConfiguration : spring.jpa.open-in-view is enabled by default. Therefore, database queries may be performed during view rendering. Explicitly configure spring.jpa.open-in-view to disable this warning
2024-06-22 14:16:21.560  INFO 72400 --- [main] com.zaxxer.hikari.HikariDataSource       : HikariPool-1 - Start completed.
2024-06-22 14:16:21.576  INFO 72400 --- [main] org.hibernate.dialect.Dialect            : HHH000400: Using dialect: org.hibernate.dialect.MySQL8Dialect
2024-06-22 14:16:21.614  INFO 72400 --- [main] o.h.e.boot.internal.EnversServiceImpl    : Envers integration enabled? : true
2024-06-22 14:16:22.361  INFO 72400 --- [main] o.h.e.t.j.p.i.JtaPlatformInitiator       : HHH000490: Using JtaPlatform implementation: [org.hibernate.engine.transaction.jta.platform.internal.NoJtaPlatform]
2024-06-22 14:16:22.371  INFO 72400 --- [main] j.LocalContainerEntityManagerFactoryBean : Initialized JPA EntityManagerFactory for persistence unit 'default'
2024-06-22 14:16:22.903  INFO 24408 --- [main] o.s.s.web.DefaultSecurityFilterChain     : Will secure any request with [org.springframework.security.web.session.DisableEncodeUrlFilter@5d160056, org.springframework.security.web.context.request.async.WebAsyncManagerIntegrationFilter@2c555efb, org.springframework.security.web.context.SecurityContextPersistenceFilter@7a4c1a6c, org.springframework.security.web.header.HeaderWriterFilter@35920655, org.springframework.web.filter.CorsFilter@17796f47, org.springframework.security.web.authentication.logout.LogoutFilter@49a0fe14, project.springboot.template.config.security.jwt.JwtFilter@2becfd4c, org.springframework.security.web.savedrequest.RequestCacheAwareFilter@51179fad, org.springframework.security.web.servletapi.SecurityContextHolderAwareRequestFilter@64547a83, org.springframework.security.web.authentication.AnonymousAuthenticationFilter@369f85c6, org.springframework.security.web.session.SessionManagementFilter@354baab2, org.springframework.security.web.access.ExceptionTranslationFilter@5702232d, org.springframework.security.web.access.intercept.FilterSecurityInterceptor@a703934]
2024-06-22 14:16:22.988  INFO 24408 --- [main] o.s.b.w.embedded.tomcat.TomcatWebServer  : Tomcat started on port(s): 8082 (http) with context path ''
2024-06-22 14:16:22.989  WARN 72400 --- [main] JpaBaseConfiguration$JpaWebConfiguration : spring.jpa.open-in-view is enabled by default. Therefore, database queries may be performed during view rendering. Explicitly configure spring.jpa.open-in-view to disable this warning
2024-06-22 14:16:23.000  INFO 24408 --- [main] p.s.t.SpringBootApplicationStarter       : Started SpringBootApplicationStarter in 6.346 seconds (JVM running for 7.223)
2024-06-22 14:16:24.115  INFO 72400 --- [main] o.s.s.web.DefaultSecurityFilterChain     : Will secure any request with [org.springframework.security.web.session.DisableEncodeUrlFilter@87276c4, org.springframework.security.web.context.request.async.WebAsyncManagerIntegrationFilter@38f4a641, org.springframework.security.web.context.SecurityContextPersistenceFilter@23acd55e, org.springframework.security.web.header.HeaderWriterFilter@56511eda, org.springframework.web.filter.CorsFilter@1902ad0f, org.springframework.security.web.authentication.logout.LogoutFilter@4ebe6c24, project.springboot.template.config.security.jwt.JwtFilter@4a0f4282, org.springframework.security.web.savedrequest.RequestCacheAwareFilter@5add0cc0, org.springframework.security.web.servletapi.SecurityContextHolderAwareRequestFilter@6f78c132, org.springframework.security.web.authentication.AnonymousAuthenticationFilter@653fbbfc, org.springframework.security.web.session.SessionManagementFilter@557f0a39, org.springframework.security.web.access.ExceptionTranslationFilter@70c6c6a7, org.springframework.security.web.access.intercept.FilterSecurityInterceptor@22858c21]
2024-06-22 14:16:24.173  INFO 72400 --- [main] o.s.b.w.embedded.tomcat.TomcatWebServer  : Tomcat started on port(s): 8081 (http) with context path ''
2024-06-22 14:16:24.185  INFO 72400 --- [main] p.s.t.AuthenticationServiceStarter       : Started AuthenticationServiceStarter in 5.614 seconds (JVM running for 6.393)
2024-06-22 14:16:58.796  INFO 72400 --- [http-nio-8081-exec-3] o.a.c.c.C.[Tomcat].[localhost].[/]       : Initializing Spring DispatcherServlet 'dispatcherServlet'
2024-06-22 14:16:58.797  INFO 72400 --- [http-nio-8081-exec-3] o.s.web.servlet.DispatcherServlet        : Initializing Servlet 'dispatcherServlet'
2024-06-22 14:16:58.798  INFO 72400 --- [http-nio-8081-exec-3] o.s.web.servlet.DispatcherServlet        : Completed initialization in 1 ms
2024-06-22 14:17:02.617  INFO 24408 --- [http-nio-8082-exec-1] o.a.c.c.C.[Tomcat].[localhost].[/]       : Initializing Spring DispatcherServlet 'dispatcherServlet'
2024-06-22 14:17:02.618  INFO 24408 --- [http-nio-8082-exec-1] o.s.web.servlet.DispatcherServlet        : Initializing Servlet 'dispatcherServlet'
2024-06-22 14:17:02.619  INFO 24408 --- [http-nio-8082-exec-1] o.s.web.servlet.DispatcherServlet        : Completed initialization in 1 ms
2024-06-22 15:03:45.102  INFO 24408 --- [http-nio-8082-exec-9] o.springdoc.api.AbstractOpenApiResource  : Init duration for springdoc-openapi is: 206 ms
2024-06-22 15:27:56.237  INFO 24408 --- [SpringApplicationShutdownHook] j.LocalContainerEntityManagerFactoryBean : Closing JPA EntityManagerFactory for persistence unit 'default'
2024-06-22 15:27:56.238  INFO 24408 --- [SpringApplicationShutdownHook] com.zaxxer.hikari.HikariDataSource       : HikariPool-1 - Shutdown initiated...
2024-06-22 15:27:56.241  INFO 24408 --- [SpringApplicationShutdownHook] com.zaxxer.hikari.HikariDataSource       : HikariPool-1 - Shutdown completed.
2024-06-22 15:27:59.808  INFO 64936 --- [main] p.s.t.SpringBootApplicationStarter       : Starting SpringBootApplicationStarter using Java 17.0.9 on LAPTOP-342SHRIF with PID 64936 (D:\recruitment-system-backend\recruitment-job-service\target\classes started by Thanh Huy in D:\recruitment-system-backend)
2024-06-22 15:27:59.810  INFO 64936 --- [main] p.s.t.SpringBootApplicationStarter       : The following 1 profile is active: "dev"
2024-06-22 15:28:00.332  INFO 64936 --- [main] .s.d.r.c.RepositoryConfigurationDelegate : Bootstrapping Spring Data JPA repositories in DEFAULT mode.
2024-06-22 15:28:00.376  INFO 64936 --- [main] .s.d.r.c.RepositoryConfigurationDelegate : Finished Spring Data repository scanning in 37 ms. Found 1 JPA repository interfaces.
2024-06-22 15:28:00.783  INFO 64936 --- [main] o.s.b.w.embedded.tomcat.TomcatWebServer  : Tomcat initialized with port(s): 8082 (http)
2024-06-22 15:28:00.789  INFO 64936 --- [main] o.apache.catalina.core.StandardService   : Starting service [Tomcat]
2024-06-22 15:28:00.789  INFO 64936 --- [main] org.apache.catalina.core.StandardEngine  : Starting Servlet engine: [Apache Tomcat/9.0.65]
2024-06-22 15:28:00.905  INFO 64936 --- [main] o.a.c.c.C.[Tomcat].[localhost].[/]       : Initializing Spring embedded WebApplicationContext
2024-06-22 15:28:00.905  INFO 64936 --- [main] w.s.c.ServletWebServerApplicationContext : Root WebApplicationContext: initialization completed in 1054 ms
2024-06-22 15:28:01.201  INFO 64936 --- [main] o.hibernate.jpa.internal.util.LogHelper  : HHH000204: Processing PersistenceUnitInfo [name: default]
2024-06-22 15:28:01.238  INFO 64936 --- [main] org.hibernate.Version                    : HHH000412: Hibernate ORM core version 5.6.10.Final
2024-06-22 15:28:01.346  INFO 64936 --- [main] o.hibernate.annotations.common.Version   : HCANN000001: Hibernate Commons Annotations {5.1.2.Final}
2024-06-22 15:28:01.423  INFO 64936 --- [main] com.zaxxer.hikari.HikariDataSource       : HikariPool-1 - Starting...
2024-06-22 15:28:01.631  INFO 64936 --- [main] com.zaxxer.hikari.HikariDataSource       : HikariPool-1 - Start completed.
2024-06-22 15:28:01.642  INFO 64936 --- [main] org.hibernate.dialect.Dialect            : HHH000400: Using dialect: org.hibernate.dialect.MySQL8Dialect
2024-06-22 15:28:01.669  INFO 64936 --- [main] o.h.e.boot.internal.EnversServiceImpl    : Envers integration enabled? : true
2024-06-22 15:28:02.208  INFO 64936 --- [main] o.h.e.t.j.p.i.JtaPlatformInitiator       : HHH000490: Using JtaPlatform implementation: [org.hibernate.engine.transaction.jta.platform.internal.NoJtaPlatform]
2024-06-22 15:28:02.214  INFO 64936 --- [main] j.LocalContainerEntityManagerFactoryBean : Initialized JPA EntityManagerFactory for persistence unit 'default'
2024-06-22 15:28:02.315  WARN 64936 --- [main] JpaBaseConfiguration$JpaWebConfiguration : spring.jpa.open-in-view is enabled by default. Therefore, database queries may be performed during view rendering. Explicitly configure spring.jpa.open-in-view to disable this warning
2024-06-22 15:28:03.272  INFO 64936 --- [main] o.s.s.web.DefaultSecurityFilterChain     : Will secure any request with [org.springframework.security.web.session.DisableEncodeUrlFilter@61c98f5, org.springframework.security.web.context.request.async.WebAsyncManagerIntegrationFilter@1784d711, org.springframework.security.web.context.SecurityContextPersistenceFilter@7fd624f5, org.springframework.security.web.header.HeaderWriterFilter@4a234e1f, org.springframework.web.filter.CorsFilter@4624e3d1, org.springframework.security.web.authentication.logout.LogoutFilter@7d583602, project.springboot.template.config.security.jwt.JwtFilter@21f9c6ea, org.springframework.security.web.savedrequest.RequestCacheAwareFilter@5cc28282, org.springframework.security.web.servletapi.SecurityContextHolderAwareRequestFilter@c7008b4, org.springframework.security.web.authentication.AnonymousAuthenticationFilter@53b81a55, org.springframework.security.web.session.SessionManagementFilter@4c364a9d, org.springframework.security.web.access.ExceptionTranslationFilter@23c0fcf0, org.springframework.security.web.access.intercept.FilterSecurityInterceptor@6ea1fc9]
2024-06-22 15:28:03.318  INFO 64936 --- [main] o.s.b.w.embedded.tomcat.TomcatWebServer  : Tomcat started on port(s): 8082 (http) with context path ''
2024-06-22 15:28:03.327  INFO 64936 --- [main] p.s.t.SpringBootApplicationStarter       : Started SpringBootApplicationStarter in 3.843 seconds (JVM running for 4.796)
2024-06-22 15:28:05.512  INFO 64936 --- [http-nio-8082-exec-1] o.a.c.c.C.[Tomcat].[localhost].[/]       : Initializing Spring DispatcherServlet 'dispatcherServlet'
2024-06-22 15:28:05.512  INFO 64936 --- [http-nio-8082-exec-1] o.s.web.servlet.DispatcherServlet        : Initializing Servlet 'dispatcherServlet'
2024-06-22 15:28:05.513  INFO 64936 --- [http-nio-8082-exec-1] o.s.web.servlet.DispatcherServlet        : Completed initialization in 1 ms
2024-06-22 17:29:47.043  WARN 72400 --- [HikariPool-1 housekeeper] com.zaxxer.hikari.pool.HikariPool        : HikariPool-1 - Thread starvation or clock leap detected (housekeeper delta=1h15m23s630ms867µs600ns).
2024-06-22 17:30:03.135  WARN 64936 --- [HikariPool-1 housekeeper] com.zaxxer.hikari.pool.HikariPool        : HikariPool-1 - Thread starvation or clock leap detected (housekeeper delta=1h15m30s595ms169µs400ns).
2024-06-22 19:16:43.732  INFO 64936 --- [http-nio-8082-exec-4] o.springdoc.api.AbstractOpenApiResource  : Init duration for springdoc-openapi is: 218 ms
2024-06-22 20:55:24.628  INFO 14716 --- [main] p.s.t.AuthenticationServiceStarter       : Starting AuthenticationServiceStarter using Java 17.0.9 on LAPTOP-342SHRIF with PID 14716 (D:\recruitment-system-backend\recruitment-authentication-service\target\classes started by Thanh Huy in D:\recruitment-system-backend)
2024-06-22 20:55:24.630  INFO 14716 --- [main] p.s.t.AuthenticationServiceStarter       : The following 1 profile is active: "dev"
2024-06-22 20:55:25.691  INFO 14716 --- [main] .s.d.r.c.RepositoryConfigurationDelegate : Bootstrapping Spring Data JPA repositories in DEFAULT mode.
2024-06-22 20:55:25.734  INFO 14716 --- [main] .s.d.r.c.RepositoryConfigurationDelegate : Finished Spring Data repository scanning in 38 ms. Found 2 JPA repository interfaces.
2024-06-22 20:55:26.181  INFO 14716 --- [main] o.s.b.w.embedded.tomcat.TomcatWebServer  : Tomcat initialized with port(s): 8081 (http)
2024-06-22 20:55:26.189  INFO 14716 --- [main] o.apache.catalina.core.StandardService   : Starting service [Tomcat]
2024-06-22 20:55:26.189  INFO 14716 --- [main] org.apache.catalina.core.StandardEngine  : Starting Servlet engine: [Apache Tomcat/9.0.65]
2024-06-22 20:55:26.292  INFO 14716 --- [main] o.a.c.c.C.[Tomcat].[localhost].[/]       : Initializing Spring embedded WebApplicationContext
2024-06-22 20:55:26.293  INFO 14716 --- [main] w.s.c.ServletWebServerApplicationContext : Root WebApplicationContext: initialization completed in 1604 ms
2024-06-22 20:55:26.420  INFO 14716 --- [main] o.hibernate.jpa.internal.util.LogHelper  : HHH000204: Processing PersistenceUnitInfo [name: default]
2024-06-22 20:55:26.474  INFO 14716 --- [main] org.hibernate.Version                    : HHH000412: Hibernate ORM core version 5.6.10.Final
2024-06-22 20:55:26.629  INFO 14716 --- [main] o.hibernate.annotations.common.Version   : HCANN000001: Hibernate Commons Annotations {5.1.2.Final}
2024-06-22 20:55:26.723  INFO 14716 --- [main] com.zaxxer.hikari.HikariDataSource       : HikariPool-1 - Starting...
2024-06-22 20:55:27.065  INFO 14716 --- [main] com.zaxxer.hikari.HikariDataSource       : HikariPool-1 - Start completed.
2024-06-22 20:55:27.084  INFO 14716 --- [main] org.hibernate.dialect.Dialect            : HHH000400: Using dialect: org.hibernate.dialect.MySQL8Dialect
2024-06-22 20:55:27.129  INFO 14716 --- [main] o.h.e.boot.internal.EnversServiceImpl    : Envers integration enabled? : true
2024-06-22 20:55:27.872  INFO 14716 --- [main] o.h.e.t.j.p.i.JtaPlatformInitiator       : HHH000490: Using JtaPlatform implementation: [org.hibernate.engine.transaction.jta.platform.internal.NoJtaPlatform]
2024-06-22 20:55:27.879  INFO 14716 --- [main] j.LocalContainerEntityManagerFactoryBean : Initialized JPA EntityManagerFactory for persistence unit 'default'
2024-06-22 20:55:28.430  WARN 14716 --- [main] JpaBaseConfiguration$JpaWebConfiguration : spring.jpa.open-in-view is enabled by default. Therefore, database queries may be performed during view rendering. Explicitly configure spring.jpa.open-in-view to disable this warning
2024-06-22 20:55:29.442  INFO 14716 --- [main] o.s.s.web.DefaultSecurityFilterChain     : Will secure any request with [org.springframework.security.web.session.DisableEncodeUrlFilter@7f514dfe, org.springframework.security.web.context.request.async.WebAsyncManagerIntegrationFilter@2150dc64, org.springframework.security.web.context.SecurityContextPersistenceFilter@1ed17eaf, org.springframework.security.web.header.HeaderWriterFilter@21143041, org.springframework.web.filter.CorsFilter@3f33c5e4, org.springframework.security.web.authentication.logout.LogoutFilter@1cc5d8a9, project.springboot.template.config.security.jwt.JwtFilter@33986be7, org.springframework.security.web.savedrequest.RequestCacheAwareFilter@ef1080d, org.springframework.security.web.servletapi.SecurityContextHolderAwareRequestFilter@2a20332b, org.springframework.security.web.authentication.AnonymousAuthenticationFilter@258ff54a, org.springframework.security.web.session.SessionManagementFilter@42f9b425, org.springframework.security.web.access.ExceptionTranslationFilter@6971f5f4, org.springframework.security.web.access.intercept.FilterSecurityInterceptor@318155b1]
2024-06-22 20:55:29.502  INFO 14716 --- [main] o.s.b.w.embedded.tomcat.TomcatWebServer  : Tomcat started on port(s): 8081 (http) with context path ''
2024-06-22 20:55:29.513  INFO 14716 --- [main] p.s.t.AuthenticationServiceStarter       : Started AuthenticationServiceStarter in 5.244 seconds (JVM running for 6.039)
2024-06-22 21:04:24.523  INFO 14716 --- [SpringApplicationShutdownHook] j.LocalContainerEntityManagerFactoryBean : Closing JPA EntityManagerFactory for persistence unit 'default'
2024-06-22 21:04:24.525  INFO 14716 --- [SpringApplicationShutdownHook] com.zaxxer.hikari.HikariDataSource       : HikariPool-1 - Shutdown initiated...
2024-06-22 21:04:24.530  INFO 14716 --- [SpringApplicationShutdownHook] com.zaxxer.hikari.HikariDataSource       : HikariPool-1 - Shutdown completed.
2024-06-22 21:04:29.413  INFO 3012 --- [main] p.s.t.AuthenticationServiceStarter       : Starting AuthenticationServiceStarter using Java 17.0.9 on LAPTOP-342SHRIF with PID 3012 (D:\recruitment-system-backend\recruitment-authentication-service\target\classes started by Thanh Huy in D:\recruitment-system-backend)
2024-06-22 21:04:29.415  INFO 3012 --- [main] p.s.t.AuthenticationServiceStarter       : The following 1 profile is active: "dev"
2024-06-22 21:04:29.911  INFO 3012 --- [main] .s.d.r.c.RepositoryConfigurationDelegate : Bootstrapping Spring Data JPA repositories in DEFAULT mode.
2024-06-22 21:04:29.948  INFO 3012 --- [main] .s.d.r.c.RepositoryConfigurationDelegate : Finished Spring Data repository scanning in 33 ms. Found 2 JPA repository interfaces.
2024-06-22 21:04:30.340  INFO 3012 --- [main] o.s.b.w.embedded.tomcat.TomcatWebServer  : Tomcat initialized with port(s): 8081 (http)
2024-06-22 21:04:30.345  INFO 3012 --- [main] o.apache.catalina.core.StandardService   : Starting service [Tomcat]
2024-06-22 21:04:30.346  INFO 3012 --- [main] org.apache.catalina.core.StandardEngine  : Starting Servlet engine: [Apache Tomcat/9.0.65]
2024-06-22 21:04:30.449  INFO 3012 --- [main] o.a.c.c.C.[Tomcat].[localhost].[/]       : Initializing Spring embedded WebApplicationContext
2024-06-22 21:04:30.449  INFO 3012 --- [main] w.s.c.ServletWebServerApplicationContext : Root WebApplicationContext: initialization completed in 995 ms
2024-06-22 21:04:30.557  INFO 3012 --- [main] o.hibernate.jpa.internal.util.LogHelper  : HHH000204: Processing PersistenceUnitInfo [name: default]
2024-06-22 21:04:30.596  INFO 3012 --- [main] org.hibernate.Version                    : HHH000412: Hibernate ORM core version 5.6.10.Final
2024-06-22 21:04:30.698  INFO 3012 --- [main] o.hibernate.annotations.common.Version   : HCANN000001: Hibernate Commons Annotations {5.1.2.Final}
2024-06-22 21:04:30.776  INFO 3012 --- [main] com.zaxxer.hikari.HikariDataSource       : HikariPool-1 - Starting...
2024-06-22 21:04:30.992  INFO 3012 --- [main] com.zaxxer.hikari.HikariDataSource       : HikariPool-1 - Start completed.
2024-06-22 21:04:31.003  INFO 3012 --- [main] org.hibernate.dialect.Dialect            : HHH000400: Using dialect: org.hibernate.dialect.MySQL8Dialect
2024-06-22 21:04:31.029  INFO 3012 --- [main] o.h.e.boot.internal.EnversServiceImpl    : Envers integration enabled? : true
2024-06-22 21:04:31.561  INFO 3012 --- [main] o.h.e.t.j.p.i.JtaPlatformInitiator       : HHH000490: Using JtaPlatform implementation: [org.hibernate.engine.transaction.jta.platform.internal.NoJtaPlatform]
2024-06-22 21:04:31.567  INFO 3012 --- [main] j.LocalContainerEntityManagerFactoryBean : Initialized JPA EntityManagerFactory for persistence unit 'default'
2024-06-22 21:04:31.944  WARN 3012 --- [main] JpaBaseConfiguration$JpaWebConfiguration : spring.jpa.open-in-view is enabled by default. Therefore, database queries may be performed during view rendering. Explicitly configure spring.jpa.open-in-view to disable this warning
2024-06-22 21:04:32.739  INFO 3012 --- [main] o.s.s.web.DefaultSecurityFilterChain     : Will secure any request with [org.springframework.security.web.session.DisableEncodeUrlFilter@21139739, org.springframework.security.web.context.request.async.WebAsyncManagerIntegrationFilter@6f5d292c, org.springframework.security.web.context.SecurityContextPersistenceFilter@24090832, org.springframework.security.web.header.HeaderWriterFilter@5ed1bc4f, org.springframework.web.filter.CorsFilter@3c4940d2, org.springframework.security.web.authentication.logout.LogoutFilter@c4fc610, project.springboot.template.config.security.jwt.JwtFilter@7ca8f5d7, org.springframework.security.web.savedrequest.RequestCacheAwareFilter@79408109, org.springframework.security.web.servletapi.SecurityContextHolderAwareRequestFilter@1147ab09, org.springframework.security.web.authentication.AnonymousAuthenticationFilter@524241d9, org.springframework.security.web.session.SessionManagementFilter@4ec28534, org.springframework.security.web.access.ExceptionTranslationFilter@682fc714, org.springframework.security.web.access.intercept.FilterSecurityInterceptor@4cce421e]
2024-06-22 21:04:32.785  INFO 3012 --- [main] o.s.b.w.embedded.tomcat.TomcatWebServer  : Tomcat started on port(s): 8081 (http) with context path ''
2024-06-22 21:04:32.794  INFO 3012 --- [main] p.s.t.AuthenticationServiceStarter       : Started AuthenticationServiceStarter in 3.695 seconds (JVM running for 4.283)
2024-06-22 21:04:37.193  INFO 3012 --- [SpringApplicationShutdownHook] j.LocalContainerEntityManagerFactoryBean : Closing JPA EntityManagerFactory for persistence unit 'default'
2024-06-22 21:04:37.195  INFO 3012 --- [SpringApplicationShutdownHook] com.zaxxer.hikari.HikariDataSource       : HikariPool-1 - Shutdown initiated...
2024-06-22 21:04:37.199  INFO 3012 --- [SpringApplicationShutdownHook] com.zaxxer.hikari.HikariDataSource       : HikariPool-1 - Shutdown completed.
2024-06-22 21:04:42.564  INFO 6340 --- [main] p.s.t.SpringBootApplicationStarter       : Starting SpringBootApplicationStarter using Java 17.0.9 on LAPTOP-342SHRIF with PID 6340 (D:\recruitment-system-backend\recruitment-job-service\target\classes started by Thanh Huy in D:\recruitment-system-backend)
2024-06-22 21:04:42.567  INFO 6340 --- [main] p.s.t.SpringBootApplicationStarter       : The following 1 profile is active: "dev"
2024-06-22 21:04:43.360  INFO 6340 --- [main] .s.d.r.c.RepositoryConfigurationDelegate : Bootstrapping Spring Data JPA repositories in DEFAULT mode.
2024-06-22 21:04:43.404  INFO 6340 --- [main] .s.d.r.c.RepositoryConfigurationDelegate : Finished Spring Data repository scanning in 38 ms. Found 1 JPA repository interfaces.
2024-06-22 21:04:43.944  INFO 6340 --- [main] o.s.b.w.embedded.tomcat.TomcatWebServer  : Tomcat initialized with port(s): 8082 (http)
2024-06-22 21:04:43.952  INFO 6340 --- [main] o.apache.catalina.core.StandardService   : Starting service [Tomcat]
2024-06-22 21:04:43.953  INFO 6340 --- [main] org.apache.catalina.core.StandardEngine  : Starting Servlet engine: [Apache Tomcat/9.0.65]
2024-06-22 21:04:44.071  INFO 6340 --- [main] o.a.c.c.C.[Tomcat].[localhost].[/]       : Initializing Spring embedded WebApplicationContext
2024-06-22 21:04:44.071  INFO 6340 --- [main] w.s.c.ServletWebServerApplicationContext : Root WebApplicationContext: initialization completed in 1460 ms
2024-06-22 21:04:44.084  INFO 13264 --- [main] p.s.t.AuthenticationServiceStarter       : Starting AuthenticationServiceStarter using Java 17.0.9 on LAPTOP-342SHRIF with PID 13264 (D:\recruitment-system-backend\recruitment-authentication-service\target\classes started by Thanh Huy in D:\recruitment-system-backend)
2024-06-22 21:04:44.085  INFO 13264 --- [main] p.s.t.AuthenticationServiceStarter       : The following 1 profile is active: "dev"
2024-06-22 21:04:44.423  INFO 6340 --- [main] o.hibernate.jpa.internal.util.LogHelper  : HHH000204: Processing PersistenceUnitInfo [name: default]
2024-06-22 21:04:44.460  INFO 6340 --- [main] org.hibernate.Version                    : HHH000412: Hibernate ORM core version 5.6.10.Final
2024-06-22 21:04:44.571  INFO 6340 --- [main] o.hibernate.annotations.common.Version   : HCANN000001: Hibernate Commons Annotations {5.1.2.Final}
2024-06-22 21:04:44.607  INFO 13264 --- [main] .s.d.r.c.RepositoryConfigurationDelegate : Bootstrapping Spring Data JPA repositories in DEFAULT mode.
2024-06-22 21:04:44.641  INFO 6340 --- [main] com.zaxxer.hikari.HikariDataSource       : HikariPool-1 - Starting...
2024-06-22 21:04:44.645  INFO 13264 --- [main] .s.d.r.c.RepositoryConfigurationDelegate : Finished Spring Data repository scanning in 33 ms. Found 2 JPA repository interfaces.
2024-06-22 21:04:44.853  INFO 6340 --- [main] com.zaxxer.hikari.HikariDataSource       : HikariPool-1 - Start completed.
2024-06-22 21:04:44.868  INFO 6340 --- [main] org.hibernate.dialect.Dialect            : HHH000400: Using dialect: org.hibernate.dialect.MySQL8Dialect
2024-06-22 21:04:44.900  INFO 6340 --- [main] o.h.e.boot.internal.EnversServiceImpl    : Envers integration enabled? : true
2024-06-22 21:04:45.060  INFO 13264 --- [main] o.s.b.w.embedded.tomcat.TomcatWebServer  : Tomcat initialized with port(s): 8081 (http)
2024-06-22 21:04:45.066  INFO 13264 --- [main] o.apache.catalina.core.StandardService   : Starting service [Tomcat]
2024-06-22 21:04:45.066  INFO 13264 --- [main] org.apache.catalina.core.StandardEngine  : Starting Servlet engine: [Apache Tomcat/9.0.65]
2024-06-22 21:04:45.171  INFO 13264 --- [main] o.a.c.c.C.[Tomcat].[localhost].[/]       : Initializing Spring embedded WebApplicationContext
2024-06-22 21:04:45.171  INFO 13264 --- [main] w.s.c.ServletWebServerApplicationContext : Root WebApplicationContext: initialization completed in 1043 ms
2024-06-22 21:04:45.299  INFO 13264 --- [main] o.hibernate.jpa.internal.util.LogHelper  : HHH000204: Processing PersistenceUnitInfo [name: default]
2024-06-22 21:04:45.343  INFO 13264 --- [main] org.hibernate.Version                    : HHH000412: Hibernate ORM core version 5.6.10.Final
2024-06-22 21:04:45.431  INFO 6340 --- [main] o.h.e.t.j.p.i.JtaPlatformInitiator       : HHH000490: Using JtaPlatform implementation: [org.hibernate.engine.transaction.jta.platform.internal.NoJtaPlatform]
2024-06-22 21:04:45.437  INFO 6340 --- [main] j.LocalContainerEntityManagerFactoryBean : Initialized JPA EntityManagerFactory for persistence unit 'default'
2024-06-22 21:04:45.448  INFO 13264 --- [main] o.hibernate.annotations.common.Version   : HCANN000001: Hibernate Commons Annotations {5.1.2.Final}
2024-06-22 21:04:45.519  INFO 13264 --- [main] com.zaxxer.hikari.HikariDataSource       : HikariPool-1 - Starting...
2024-06-22 21:04:45.558  WARN 6340 --- [main] JpaBaseConfiguration$JpaWebConfiguration : spring.jpa.open-in-view is enabled by default. Therefore, database queries may be performed during view rendering. Explicitly configure spring.jpa.open-in-view to disable this warning
2024-06-22 21:04:45.748  INFO 13264 --- [main] com.zaxxer.hikari.HikariDataSource       : HikariPool-1 - Start completed.
2024-06-22 21:04:45.758  INFO 13264 --- [main] org.hibernate.dialect.Dialect            : HHH000400: Using dialect: org.hibernate.dialect.MySQL8Dialect
2024-06-22 21:04:45.789  INFO 13264 --- [main] o.h.e.boot.internal.EnversServiceImpl    : Envers integration enabled? : true
2024-06-22 21:04:46.450  INFO 13264 --- [main] o.h.e.t.j.p.i.JtaPlatformInitiator       : HHH000490: Using JtaPlatform implementation: [org.hibernate.engine.transaction.jta.platform.internal.NoJtaPlatform]
2024-06-22 21:04:46.459  INFO 13264 --- [main] j.LocalContainerEntityManagerFactoryBean : Initialized JPA EntityManagerFactory for persistence unit 'default'
2024-06-22 21:04:46.606  INFO 6340 --- [main] o.s.s.web.DefaultSecurityFilterChain     : Will secure any request with [org.springframework.security.web.session.DisableEncodeUrlFilter@2fe152aa, org.springframework.security.web.context.request.async.WebAsyncManagerIntegrationFilter@6f959640, org.springframework.security.web.context.SecurityContextPersistenceFilter@7959fbe3, org.springframework.security.web.header.HeaderWriterFilter@123a21ad, org.springframework.web.filter.CorsFilter@5fdebe73, org.springframework.security.web.authentication.logout.LogoutFilter@5350a926, project.springboot.template.config.security.jwt.JwtFilter@787d1f9c, org.springframework.security.web.savedrequest.RequestCacheAwareFilter@3dfe520, org.springframework.security.web.servletapi.SecurityContextHolderAwareRequestFilter@3393aa46, org.springframework.security.web.authentication.AnonymousAuthenticationFilter@6919a8a, org.springframework.security.web.session.SessionManagementFilter@586a9fe1, org.springframework.security.web.access.ExceptionTranslationFilter@6812708d, org.springframework.security.web.access.intercept.FilterSecurityInterceptor@6a90b5e8]
2024-06-22 21:04:46.669  INFO 6340 --- [main] o.s.b.w.embedded.tomcat.TomcatWebServer  : Tomcat started on port(s): 8082 (http) with context path ''
2024-06-22 21:04:46.681  INFO 6340 --- [main] p.s.t.SpringBootApplicationStarter       : Started SpringBootApplicationStarter in 4.657 seconds (JVM running for 5.357)
2024-06-22 21:04:46.897  WARN 13264 --- [main] JpaBaseConfiguration$JpaWebConfiguration : spring.jpa.open-in-view is enabled by default. Therefore, database queries may be performed during view rendering. Explicitly configure spring.jpa.open-in-view to disable this warning
2024-06-22 21:04:47.824  INFO 13264 --- [main] o.s.s.web.DefaultSecurityFilterChain     : Will secure any request with [org.springframework.security.web.session.DisableEncodeUrlFilter@21139739, org.springframework.security.web.context.request.async.WebAsyncManagerIntegrationFilter@6f5d292c, org.springframework.security.web.context.SecurityContextPersistenceFilter@24090832, org.springframework.security.web.header.HeaderWriterFilter@5ed1bc4f, org.springframework.web.filter.CorsFilter@3c4940d2, org.springframework.security.web.authentication.logout.LogoutFilter@c4fc610, project.springboot.template.config.security.jwt.JwtFilter@53b9952f, org.springframework.security.web.savedrequest.RequestCacheAwareFilter@79408109, org.springframework.security.web.servletapi.SecurityContextHolderAwareRequestFilter@1147ab09, org.springframework.security.web.authentication.AnonymousAuthenticationFilter@524241d9, org.springframework.security.web.session.SessionManagementFilter@4ec28534, org.springframework.security.web.access.ExceptionTranslationFilter@3f563397, org.springframework.security.web.access.intercept.FilterSecurityInterceptor@4cce421e]
2024-06-22 21:04:47.877  INFO 13264 --- [main] o.s.b.w.embedded.tomcat.TomcatWebServer  : Tomcat started on port(s): 8081 (http) with context path ''
2024-06-22 21:04:47.887  INFO 13264 --- [main] p.s.t.AuthenticationServiceStarter       : Started AuthenticationServiceStarter in 4.147 seconds (JVM running for 4.792)
2024-06-22 21:05:29.372  INFO 6340 --- [http-nio-8082-exec-1] o.a.c.c.C.[Tomcat].[localhost].[/]       : Initializing Spring DispatcherServlet 'dispatcherServlet'
2024-06-22 21:05:29.372  INFO 6340 --- [http-nio-8082-exec-1] o.s.web.servlet.DispatcherServlet        : Initializing Servlet 'dispatcherServlet'
2024-06-22 21:05:29.373  INFO 6340 --- [http-nio-8082-exec-1] o.s.web.servlet.DispatcherServlet        : Completed initialization in 1 ms
2024-06-22 21:05:29.702  INFO 13264 --- [http-nio-8081-exec-1] o.a.c.c.C.[Tomcat].[localhost].[/]       : Initializing Spring DispatcherServlet 'dispatcherServlet'
2024-06-22 21:05:29.702  INFO 13264 --- [http-nio-8081-exec-1] o.s.web.servlet.DispatcherServlet        : Initializing Servlet 'dispatcherServlet'
2024-06-22 21:05:29.703  INFO 13264 --- [http-nio-8081-exec-1] o.s.web.servlet.DispatcherServlet        : Completed initialization in 0 ms
2024-06-22 21:41:43.391  INFO 6340 --- [SpringApplicationShutdownHook] j.LocalContainerEntityManagerFactoryBean : Closing JPA EntityManagerFactory for persistence unit 'default'
2024-06-22 21:41:43.393  INFO 6340 --- [SpringApplicationShutdownHook] com.zaxxer.hikari.HikariDataSource       : HikariPool-1 - Shutdown initiated...
2024-06-22 21:41:43.395  INFO 6340 --- [SpringApplicationShutdownHook] com.zaxxer.hikari.HikariDataSource       : HikariPool-1 - Shutdown completed.
2024-06-22 21:41:46.691  INFO 6320 --- [main] p.s.t.SpringBootApplicationStarter       : Starting SpringBootApplicationStarter using Java 17.0.9 on LAPTOP-342SHRIF with PID 6320 (D:\recruitment-system-backend\recruitment-job-service\target\classes started by Thanh Huy in D:\recruitment-system-backend)
2024-06-22 21:41:46.693  INFO 6320 --- [main] p.s.t.SpringBootApplicationStarter       : The following 1 profile is active: "dev"
2024-06-22 21:41:47.178  INFO 6320 --- [main] .s.d.r.c.RepositoryConfigurationDelegate : Bootstrapping Spring Data JPA repositories in DEFAULT mode.
2024-06-22 21:41:47.209  INFO 6320 --- [main] .s.d.r.c.RepositoryConfigurationDelegate : Finished Spring Data repository scanning in 27 ms. Found 1 JPA repository interfaces.
2024-06-22 21:41:47.569  INFO 6320 --- [main] o.s.b.w.embedded.tomcat.TomcatWebServer  : Tomcat initialized with port(s): 8082 (http)
2024-06-22 21:41:47.575  INFO 6320 --- [main] o.apache.catalina.core.StandardService   : Starting service [Tomcat]
2024-06-22 21:41:47.575  INFO 6320 --- [main] org.apache.catalina.core.StandardEngine  : Starting Servlet engine: [Apache Tomcat/9.0.65]
2024-06-22 21:41:47.673  INFO 6320 --- [main] o.a.c.c.C.[Tomcat].[localhost].[/]       : Initializing Spring embedded WebApplicationContext
2024-06-22 21:41:47.674  INFO 6320 --- [main] w.s.c.ServletWebServerApplicationContext : Root WebApplicationContext: initialization completed in 939 ms
2024-06-22 21:41:47.934  INFO 6320 --- [main] o.hibernate.jpa.internal.util.LogHelper  : HHH000204: Processing PersistenceUnitInfo [name: default]
2024-06-22 21:41:47.967  INFO 6320 --- [main] org.hibernate.Version                    : HHH000412: Hibernate ORM core version 5.6.10.Final
2024-06-22 21:41:48.060  INFO 6320 --- [main] o.hibernate.annotations.common.Version   : HCANN000001: Hibernate Commons Annotations {5.1.2.Final}
2024-06-22 21:41:48.119  INFO 6320 --- [main] com.zaxxer.hikari.HikariDataSource       : HikariPool-1 - Starting...
2024-06-22 21:41:48.284  INFO 6320 --- [main] com.zaxxer.hikari.HikariDataSource       : HikariPool-1 - Start completed.
2024-06-22 21:41:48.293  INFO 6320 --- [main] org.hibernate.dialect.Dialect            : HHH000400: Using dialect: org.hibernate.dialect.MySQL8Dialect
2024-06-22 21:41:48.315  INFO 6320 --- [main] o.h.e.boot.internal.EnversServiceImpl    : Envers integration enabled? : true
2024-06-22 21:41:48.734  INFO 6320 --- [main] o.h.e.t.j.p.i.JtaPlatformInitiator       : HHH000490: Using JtaPlatform implementation: [org.hibernate.engine.transaction.jta.platform.internal.NoJtaPlatform]
2024-06-22 21:41:48.740  INFO 6320 --- [main] j.LocalContainerEntityManagerFactoryBean : Initialized JPA EntityManagerFactory for persistence unit 'default'
2024-06-22 21:41:48.827  WARN 6320 --- [main] JpaBaseConfiguration$JpaWebConfiguration : spring.jpa.open-in-view is enabled by default. Therefore, database queries may be performed during view rendering. Explicitly configure spring.jpa.open-in-view to disable this warning
2024-06-22 21:41:49.644  INFO 6320 --- [main] o.s.s.web.DefaultSecurityFilterChain     : Will secure any request with [org.springframework.security.web.session.DisableEncodeUrlFilter@38f7a20, org.springframework.security.web.context.request.async.WebAsyncManagerIntegrationFilter@2c39c520, org.springframework.security.web.context.SecurityContextPersistenceFilter@721f3526, org.springframework.security.web.header.HeaderWriterFilter@73418044, org.springframework.web.filter.CorsFilter@c50503e, org.springframework.security.web.authentication.logout.LogoutFilter@63574d76, project.springboot.template.config.security.jwt.JwtFilter@31881aa2, org.springframework.security.web.savedrequest.RequestCacheAwareFilter@28d74041, org.springframework.security.web.servletapi.SecurityContextHolderAwareRequestFilter@6108c962, org.springframework.security.web.authentication.AnonymousAuthenticationFilter@4ac2b4c6, org.springframework.security.web.session.SessionManagementFilter@6e5106fc, org.springframework.security.web.access.ExceptionTranslationFilter@11c372e9, org.springframework.security.web.access.intercept.FilterSecurityInterceptor@628d6320]
2024-06-22 21:41:49.685  INFO 6320 --- [main] o.s.b.w.embedded.tomcat.TomcatWebServer  : Tomcat started on port(s): 8082 (http) with context path ''
2024-06-22 21:41:49.693  INFO 6320 --- [main] p.s.t.SpringBootApplicationStarter       : Started SpringBootApplicationStarter in 3.302 seconds (JVM running for 3.859)
2024-06-22 21:42:06.824  INFO 6320 --- [http-nio-8082-exec-1] o.a.c.c.C.[Tomcat].[localhost].[/]       : Initializing Spring DispatcherServlet 'dispatcherServlet'
2024-06-22 21:42:06.825  INFO 6320 --- [http-nio-8082-exec-1] o.s.web.servlet.DispatcherServlet        : Initializing Servlet 'dispatcherServlet'
2024-06-22 21:42:06.826  INFO 6320 --- [http-nio-8082-exec-1] o.s.web.servlet.DispatcherServlet        : Completed initialization in 1 ms
2024-06-22 22:17:03.285  INFO 6320 --- [http-nio-8082-exec-3] o.springdoc.api.AbstractOpenApiResource  : Init duration for springdoc-openapi is: 187 ms
2024-06-22 22:36:57.392  WARN 13264 --- [HikariPool-1 housekeeper] com.zaxxer.hikari.pool.HikariPool        : HikariPool-1 - Thread starvation or clock leap detected (housekeeper delta=3m10s128ms412µs500ns).
2024-06-22 22:36:59.326  WARN 6320 --- [HikariPool-1 housekeeper] com.zaxxer.hikari.pool.HikariPool        : HikariPool-1 - Thread starvation or clock leap detected (housekeeper delta=3m10s127ms624µs100ns).
2024-06-22 23:23:27.923  INFO 6320 --- [SpringApplicationShutdownHook] j.LocalContainerEntityManagerFactoryBean : Closing JPA EntityManagerFactory for persistence unit 'default'
2024-06-22 23:23:27.925  INFO 6320 --- [SpringApplicationShutdownHook] com.zaxxer.hikari.HikariDataSource       : HikariPool-1 - Shutdown initiated...
2024-06-22 23:23:27.928  INFO 6320 --- [SpringApplicationShutdownHook] com.zaxxer.hikari.HikariDataSource       : HikariPool-1 - Shutdown completed.
2024-06-22 23:23:31.058  INFO 30908 --- [main] p.s.t.SpringBootApplicationStarter       : Starting SpringBootApplicationStarter using Java 17.0.9 on LAPTOP-342SHRIF with PID 30908 (D:\recruitment-system-backend\recruitment-job-service\target\classes started by Thanh Huy in D:\recruitment-system-backend)
2024-06-22 23:23:31.060  INFO 30908 --- [main] p.s.t.SpringBootApplicationStarter       : The following 1 profile is active: "dev"
2024-06-22 23:23:31.549  INFO 30908 --- [main] .s.d.r.c.RepositoryConfigurationDelegate : Bootstrapping Spring Data JPA repositories in DEFAULT mode.
2024-06-22 23:23:31.581  INFO 30908 --- [main] .s.d.r.c.RepositoryConfigurationDelegate : Finished Spring Data repository scanning in 28 ms. Found 1 JPA repository interfaces.
2024-06-22 23:23:31.938  INFO 30908 --- [main] o.s.b.w.embedded.tomcat.TomcatWebServer  : Tomcat initialized with port(s): 8082 (http)
2024-06-22 23:23:31.943  INFO 30908 --- [main] o.apache.catalina.core.StandardService   : Starting service [Tomcat]
2024-06-22 23:23:31.943  INFO 30908 --- [main] org.apache.catalina.core.StandardEngine  : Starting Servlet engine: [Apache Tomcat/9.0.65]
2024-06-22 23:23:32.042  INFO 30908 --- [main] o.a.c.c.C.[Tomcat].[localhost].[/]       : Initializing Spring embedded WebApplicationContext
2024-06-22 23:23:32.042  INFO 30908 --- [main] w.s.c.ServletWebServerApplicationContext : Root WebApplicationContext: initialization completed in 942 ms
2024-06-22 23:23:32.293  INFO 30908 --- [main] o.hibernate.jpa.internal.util.LogHelper  : HHH000204: Processing PersistenceUnitInfo [name: default]
2024-06-22 23:23:32.326  INFO 30908 --- [main] org.hibernate.Version                    : HHH000412: Hibernate ORM core version 5.6.10.Final
2024-06-22 23:23:32.420  INFO 30908 --- [main] o.hibernate.annotations.common.Version   : HCANN000001: Hibernate Commons Annotations {5.1.2.Final}
2024-06-22 23:23:32.480  INFO 30908 --- [main] com.zaxxer.hikari.HikariDataSource       : HikariPool-1 - Starting...
2024-06-22 23:23:32.658  INFO 30908 --- [main] com.zaxxer.hikari.HikariDataSource       : HikariPool-1 - Start completed.
2024-06-22 23:23:32.668  INFO 30908 --- [main] org.hibernate.dialect.Dialect            : HHH000400: Using dialect: org.hibernate.dialect.MySQL8Dialect
2024-06-22 23:23:32.694  INFO 30908 --- [main] o.h.e.boot.internal.EnversServiceImpl    : Envers integration enabled? : true
2024-06-22 23:23:33.131  INFO 30908 --- [main] o.h.e.t.j.p.i.JtaPlatformInitiator       : HHH000490: Using JtaPlatform implementation: [org.hibernate.engine.transaction.jta.platform.internal.NoJtaPlatform]
2024-06-22 23:23:33.137  INFO 30908 --- [main] j.LocalContainerEntityManagerFactoryBean : Initialized JPA EntityManagerFactory for persistence unit 'default'
2024-06-22 23:23:33.233  WARN 30908 --- [main] JpaBaseConfiguration$JpaWebConfiguration : spring.jpa.open-in-view is enabled by default. Therefore, database queries may be performed during view rendering. Explicitly configure spring.jpa.open-in-view to disable this warning
2024-06-22 23:23:34.082  INFO 30908 --- [main] o.s.s.web.DefaultSecurityFilterChain     : Will secure any request with [org.springframework.security.web.session.DisableEncodeUrlFilter@38f7a20, org.springframework.security.web.context.request.async.WebAsyncManagerIntegrationFilter@2c39c520, org.springframework.security.web.context.SecurityContextPersistenceFilter@721f3526, org.springframework.security.web.header.HeaderWriterFilter@73418044, org.springframework.web.filter.CorsFilter@c50503e, org.springframework.security.web.authentication.logout.LogoutFilter@63574d76, project.springboot.template.config.security.jwt.JwtFilter@31881aa2, org.springframework.security.web.savedrequest.RequestCacheAwareFilter@28d74041, org.springframework.security.web.servletapi.SecurityContextHolderAwareRequestFilter@6108c962, org.springframework.security.web.authentication.AnonymousAuthenticationFilter@4ac2b4c6, org.springframework.security.web.session.SessionManagementFilter@6e5106fc, org.springframework.security.web.access.ExceptionTranslationFilter@11c372e9, org.springframework.security.web.access.intercept.FilterSecurityInterceptor@628d6320]
2024-06-22 23:23:34.123  INFO 30908 --- [main] o.s.b.w.embedded.tomcat.TomcatWebServer  : Tomcat started on port(s): 8082 (http) with context path ''
2024-06-22 23:23:34.132  INFO 30908 --- [main] p.s.t.SpringBootApplicationStarter       : Started SpringBootApplicationStarter in 3.379 seconds (JVM running for 3.884)
2024-06-22 23:23:36.542  INFO 30908 --- [http-nio-8082-exec-1] o.a.c.c.C.[Tomcat].[localhost].[/]       : Initializing Spring DispatcherServlet 'dispatcherServlet'
2024-06-22 23:23:36.543  INFO 30908 --- [http-nio-8082-exec-1] o.s.web.servlet.DispatcherServlet        : Initializing Servlet 'dispatcherServlet'
2024-06-22 23:23:36.544  INFO 30908 --- [http-nio-8082-exec-1] o.s.web.servlet.DispatcherServlet        : Completed initialization in 1 ms
2024-06-22 23:24:06.180  INFO 30908 --- [SpringApplicationShutdownHook] j.LocalContainerEntityManagerFactoryBean : Closing JPA EntityManagerFactory for persistence unit 'default'
2024-06-22 23:24:06.182  INFO 30908 --- [SpringApplicationShutdownHook] com.zaxxer.hikari.HikariDataSource       : HikariPool-1 - Shutdown initiated...
2024-06-22 23:24:06.186  INFO 30908 --- [SpringApplicationShutdownHook] com.zaxxer.hikari.HikariDataSource       : HikariPool-1 - Shutdown completed.
2024-06-22 23:24:09.015  INFO 29944 --- [main] p.s.t.SpringBootApplicationStarter       : Starting SpringBootApplicationStarter using Java 17.0.9 on LAPTOP-342SHRIF with PID 29944 (D:\recruitment-system-backend\recruitment-job-service\target\classes started by Thanh Huy in D:\recruitment-system-backend)
2024-06-22 23:24:09.017  INFO 29944 --- [main] p.s.t.SpringBootApplicationStarter       : The following 1 profile is active: "dev"
2024-06-22 23:24:09.509  INFO 29944 --- [main] .s.d.r.c.RepositoryConfigurationDelegate : Bootstrapping Spring Data JPA repositories in DEFAULT mode.
2024-06-22 23:24:09.546  INFO 29944 --- [main] .s.d.r.c.RepositoryConfigurationDelegate : Finished Spring Data repository scanning in 33 ms. Found 1 JPA repository interfaces.
2024-06-22 23:24:09.941  INFO 29944 --- [main] o.s.b.w.embedded.tomcat.TomcatWebServer  : Tomcat initialized with port(s): 8082 (http)
2024-06-22 23:24:09.947  INFO 29944 --- [main] o.apache.catalina.core.StandardService   : Starting service [Tomcat]
2024-06-22 23:24:09.949  INFO 29944 --- [main] org.apache.catalina.core.StandardEngine  : Starting Servlet engine: [Apache Tomcat/9.0.65]
2024-06-22 23:24:10.052  INFO 29944 --- [main] o.a.c.c.C.[Tomcat].[localhost].[/]       : Initializing Spring embedded WebApplicationContext
2024-06-22 23:24:10.052  INFO 29944 --- [main] w.s.c.ServletWebServerApplicationContext : Root WebApplicationContext: initialization completed in 994 ms
2024-06-22 23:24:10.330  INFO 29944 --- [main] o.hibernate.jpa.internal.util.LogHelper  : HHH000204: Processing PersistenceUnitInfo [name: default]
2024-06-22 23:24:10.363  INFO 29944 --- [main] org.hibernate.Version                    : HHH000412: Hibernate ORM core version 5.6.10.Final
2024-06-22 23:24:10.460  INFO 29944 --- [main] o.hibernate.annotations.common.Version   : HCANN000001: Hibernate Commons Annotations {5.1.2.Final}
2024-06-22 23:24:10.521  INFO 29944 --- [main] com.zaxxer.hikari.HikariDataSource       : HikariPool-1 - Starting...
2024-06-22 23:24:10.689  INFO 29944 --- [main] com.zaxxer.hikari.HikariDataSource       : HikariPool-1 - Start completed.
2024-06-22 23:24:10.700  INFO 29944 --- [main] org.hibernate.dialect.Dialect            : HHH000400: Using dialect: org.hibernate.dialect.MySQL8Dialect
2024-06-22 23:24:10.722  INFO 29944 --- [main] o.h.e.boot.internal.EnversServiceImpl    : Envers integration enabled? : true
2024-06-22 23:24:11.180  INFO 29944 --- [main] o.h.e.t.j.p.i.JtaPlatformInitiator       : HHH000490: Using JtaPlatform implementation: [org.hibernate.engine.transaction.jta.platform.internal.NoJtaPlatform]
2024-06-22 23:24:11.187  INFO 29944 --- [main] j.LocalContainerEntityManagerFactoryBean : Initialized JPA EntityManagerFactory for persistence unit 'default'
2024-06-22 23:24:11.288  WARN 29944 --- [main] JpaBaseConfiguration$JpaWebConfiguration : spring.jpa.open-in-view is enabled by default. Therefore, database queries may be performed during view rendering. Explicitly configure spring.jpa.open-in-view to disable this warning
2024-06-22 23:24:12.204  INFO 29944 --- [main] o.s.s.web.DefaultSecurityFilterChain     : Will secure any request with [org.springframework.security.web.session.DisableEncodeUrlFilter@6c79a7c1, org.springframework.security.web.context.request.async.WebAsyncManagerIntegrationFilter@5d160056, org.springframework.security.web.context.SecurityContextPersistenceFilter@ba90170, org.springframework.security.web.header.HeaderWriterFilter@6e5106fc, org.springframework.web.filter.CorsFilter@2c555efb, org.springframework.security.web.authentication.logout.LogoutFilter@4f0381cd, project.springboot.template.config.security.jwt.JwtFilter@36510e73, org.springframework.security.web.savedrequest.RequestCacheAwareFilter@e417628, org.springframework.security.web.servletapi.SecurityContextHolderAwareRequestFilter@6812708d, org.springframework.security.web.authentication.AnonymousAuthenticationFilter@17796f47, org.springframework.security.web.session.SessionManagementFilter@64455184, org.springframework.security.web.access.ExceptionTranslationFilter@5f910283, org.springframework.security.web.access.intercept.FilterSecurityInterceptor@172ca6a]
2024-06-22 23:24:12.252  INFO 29944 --- [main] o.s.b.w.embedded.tomcat.TomcatWebServer  : Tomcat started on port(s): 8082 (http) with context path ''
2024-06-22 23:24:12.261  INFO 29944 --- [main] p.s.t.SpringBootApplicationStarter       : Started SpringBootApplicationStarter in 3.55 seconds (JVM running for 4.076)
2024-06-22 23:24:16.231  INFO 29944 --- [http-nio-8082-exec-1] o.a.c.c.C.[Tomcat].[localhost].[/]       : Initializing Spring DispatcherServlet 'dispatcherServlet'
2024-06-22 23:24:16.232  INFO 29944 --- [http-nio-8082-exec-1] o.s.web.servlet.DispatcherServlet        : Initializing Servlet 'dispatcherServlet'
2024-06-22 23:24:16.232  INFO 29944 --- [http-nio-8082-exec-1] o.s.web.servlet.DispatcherServlet        : Completed initialization in 0 ms
2024-06-22 23:43:34.308  INFO 29944 --- [SpringApplicationShutdownHook] j.LocalContainerEntityManagerFactoryBean : Closing JPA EntityManagerFactory for persistence unit 'default'
2024-06-22 23:43:34.310  INFO 29944 --- [SpringApplicationShutdownHook] com.zaxxer.hikari.HikariDataSource       : HikariPool-1 - Shutdown initiated...
2024-06-22 23:43:34.312  INFO 13264 --- [SpringApplicationShutdownHook] j.LocalContainerEntityManagerFactoryBean : Closing JPA EntityManagerFactory for persistence unit 'default'
2024-06-22 23:43:34.314  INFO 13264 --- [SpringApplicationShutdownHook] com.zaxxer.hikari.HikariDataSource       : HikariPool-1 - Shutdown initiated...
2024-06-22 23:43:34.315  INFO 29944 --- [SpringApplicationShutdownHook] com.zaxxer.hikari.HikariDataSource       : HikariPool-1 - Shutdown completed.
2024-06-22 23:43:34.318  INFO 13264 --- [SpringApplicationShutdownHook] com.zaxxer.hikari.HikariDataSource       : HikariPool-1 - Shutdown completed.
